2025-01-31 14:17:48,979 DEBUG    root            Loaded Command Group: ['gcloud', 'components']
2025-01-31 14:17:48,982 DEBUG    root            Loaded Command Group: ['gcloud', 'components', 'update']
2025-01-31 14:17:48,986 DEBUG    root            Running [gcloud.components.update] with arguments: [--compile-python: "True", --quiet: "True", COMPONENT-IDS:6: "['core', 'gcloud-deps', 'bq', 'gcloud', 'gcloud-crc32c', 'gsutil']"]
2025-01-31 14:17:48,987 INFO     ___FILE_ONLY___ Beginning update. This process may take several minutes.

2025-01-31 14:17:49,038 DEBUG    urllib3.connectionpool Starting new HTTPS connection (1): dl.google.com:443
2025-01-31 14:17:49,197 DEBUG    urllib3.connectionpool https://dl.google.com:443 "GET /dl/cloudsdk/channels/rapid/components-2.json HTTP/1.1" 200 227832
2025-01-31 14:17:49,214 INFO     ___FILE_ONLY___ 

2025-01-31 14:17:49,214 INFO     ___FILE_ONLY___ 
Your current Google Cloud CLI version is: 508.0.0

2025-01-31 14:17:49,215 INFO     ___FILE_ONLY___ Installing components from version: 508.0.0

2025-01-31 14:17:49,215 INFO     ___FILE_ONLY___ 

2025-01-31 14:17:49,215 DEBUG    root            Chosen display Format:table[box,title="These components will be removed."](details.display_name:label=Name:align=left,version.version_string:label=Version:align=right,data.size.size(zero="",min=1048576):label=Size:align=right)
2025-01-31 14:17:49,215 DEBUG    root            Chosen display Format:table[box,title="These components will be updated."](details.display_name:label=Name:align=left,version.version_string:label=Version:align=right,data.size.size(zero="",min=1048576):label=Size:align=right)
2025-01-31 14:17:49,216 DEBUG    root            Chosen display Format:table[box,title="These components will be installed."](details.display_name:label=Name:align=left,version.version_string:label=Version:align=right,data.size.size(zero="",min=1048576):label=Size:align=right)
2025-01-31 14:17:49,253 INFO     ___FILE_ONLY___ ┌─────────────────────────────────────────────────────────────────────────────┐
2025-01-31 14:17:49,253 INFO     ___FILE_ONLY___ 

2025-01-31 14:17:49,253 INFO     ___FILE_ONLY___ │                     These components will be installed.                     │
2025-01-31 14:17:49,253 INFO     ___FILE_ONLY___ 

2025-01-31 14:17:49,253 INFO     ___FILE_ONLY___ ├─────────────────────────────────────────────────────┬────────────┬──────────┤
2025-01-31 14:17:49,253 INFO     ___FILE_ONLY___ 

2025-01-31 14:17:49,253 INFO     ___FILE_ONLY___ │                         Name                        │  Version   │   Size   │
2025-01-31 14:17:49,253 INFO     ___FILE_ONLY___ 

2025-01-31 14:17:49,253 INFO     ___FILE_ONLY___ ├─────────────────────────────────────────────────────┼────────────┼──────────┤
2025-01-31 14:17:49,253 INFO     ___FILE_ONLY___ 

2025-01-31 14:17:49,253 INFO     ___FILE_ONLY___ │ 
2025-01-31 14:17:49,253 INFO     ___FILE_ONLY___ BigQuery Command Line Tool                         
2025-01-31 14:17:49,254 INFO     ___FILE_ONLY___  
2025-01-31 14:17:49,254 INFO     ___FILE_ONLY___ │ 
2025-01-31 14:17:49,254 INFO     ___FILE_ONLY___     2.1.12
2025-01-31 14:17:49,254 INFO     ___FILE_ONLY___  
2025-01-31 14:17:49,254 INFO     ___FILE_ONLY___ │ 
2025-01-31 14:17:49,254 INFO     ___FILE_ONLY___  1.8 MiB
2025-01-31 14:17:49,254 INFO     ___FILE_ONLY___  
2025-01-31 14:17:49,254 INFO     ___FILE_ONLY___ │
2025-01-31 14:17:49,254 INFO     ___FILE_ONLY___ 

2025-01-31 14:17:49,254 INFO     ___FILE_ONLY___ │ 
2025-01-31 14:17:49,254 INFO     ___FILE_ONLY___ BigQuery Command Line Tool (Platform Specific)     
2025-01-31 14:17:49,254 INFO     ___FILE_ONLY___  
2025-01-31 14:17:49,254 INFO     ___FILE_ONLY___ │ 
2025-01-31 14:17:49,254 INFO     ___FILE_ONLY___      2.1.8
2025-01-31 14:17:49,254 INFO     ___FILE_ONLY___  
2025-01-31 14:17:49,254 INFO     ___FILE_ONLY___ │ 
2025-01-31 14:17:49,254 INFO     ___FILE_ONLY___  < 1 MiB
2025-01-31 14:17:49,254 INFO     ___FILE_ONLY___  
2025-01-31 14:17:49,254 INFO     ___FILE_ONLY___ │
2025-01-31 14:17:49,254 INFO     ___FILE_ONLY___ 

2025-01-31 14:17:49,254 INFO     ___FILE_ONLY___ │ 
2025-01-31 14:17:49,255 INFO     ___FILE_ONLY___ Bundled Python 3.11 (Platform Specific)            
2025-01-31 14:17:49,255 INFO     ___FILE_ONLY___  
2025-01-31 14:17:49,255 INFO     ___FILE_ONLY___ │ 
2025-01-31 14:17:49,255 INFO     ___FILE_ONLY___     3.11.9
2025-01-31 14:17:49,255 INFO     ___FILE_ONLY___  
2025-01-31 14:17:49,255 INFO     ___FILE_ONLY___ │ 
2025-01-31 14:17:49,255 INFO     ___FILE_ONLY___ 74.4 MiB
2025-01-31 14:17:49,255 INFO     ___FILE_ONLY___  
2025-01-31 14:17:49,255 INFO     ___FILE_ONLY___ │
2025-01-31 14:17:49,255 INFO     ___FILE_ONLY___ 

2025-01-31 14:17:49,255 INFO     ___FILE_ONLY___ │ 
2025-01-31 14:17:49,255 INFO     ___FILE_ONLY___ Cloud Storage Command Line Tool                    
2025-01-31 14:17:49,255 INFO     ___FILE_ONLY___  
2025-01-31 14:17:49,255 INFO     ___FILE_ONLY___ │ 
2025-01-31 14:17:49,255 INFO     ___FILE_ONLY___       5.33
2025-01-31 14:17:49,255 INFO     ___FILE_ONLY___  
2025-01-31 14:17:49,255 INFO     ___FILE_ONLY___ │ 
2025-01-31 14:17:49,255 INFO     ___FILE_ONLY___ 11.8 MiB
2025-01-31 14:17:49,255 INFO     ___FILE_ONLY___  
2025-01-31 14:17:49,255 INFO     ___FILE_ONLY___ │
2025-01-31 14:17:49,255 INFO     ___FILE_ONLY___ 

2025-01-31 14:17:49,255 INFO     ___FILE_ONLY___ │ 
2025-01-31 14:17:49,256 INFO     ___FILE_ONLY___ Cloud Storage Command Line Tool (Platform Specific)
2025-01-31 14:17:49,256 INFO     ___FILE_ONLY___  
2025-01-31 14:17:49,256 INFO     ___FILE_ONLY___ │ 
2025-01-31 14:17:49,256 INFO     ___FILE_ONLY___       5.30
2025-01-31 14:17:49,256 INFO     ___FILE_ONLY___  
2025-01-31 14:17:49,256 INFO     ___FILE_ONLY___ │ 
2025-01-31 14:17:49,256 INFO     ___FILE_ONLY___  < 1 MiB
2025-01-31 14:17:49,256 INFO     ___FILE_ONLY___  
2025-01-31 14:17:49,256 INFO     ___FILE_ONLY___ │
2025-01-31 14:17:49,256 INFO     ___FILE_ONLY___ 

2025-01-31 14:17:49,256 INFO     ___FILE_ONLY___ │ 
2025-01-31 14:17:49,256 INFO     ___FILE_ONLY___ Google Cloud CLI Core Libraries (Platform Specific)
2025-01-31 14:17:49,256 INFO     ___FILE_ONLY___  
2025-01-31 14:17:49,256 INFO     ___FILE_ONLY___ │ 
2025-01-31 14:17:49,256 INFO     ___FILE_ONLY___ 2024.08.30
2025-01-31 14:17:49,256 INFO     ___FILE_ONLY___  
2025-01-31 14:17:49,256 INFO     ___FILE_ONLY___ │ 
2025-01-31 14:17:49,256 INFO     ___FILE_ONLY___  < 1 MiB
2025-01-31 14:17:49,256 INFO     ___FILE_ONLY___  
2025-01-31 14:17:49,256 INFO     ___FILE_ONLY___ │
2025-01-31 14:17:49,256 INFO     ___FILE_ONLY___ 

2025-01-31 14:17:49,256 INFO     ___FILE_ONLY___ │ 
2025-01-31 14:17:49,257 INFO     ___FILE_ONLY___ Google Cloud CRC32C Hash Tool (Platform Specific)  
2025-01-31 14:17:49,257 INFO     ___FILE_ONLY___  
2025-01-31 14:17:49,257 INFO     ___FILE_ONLY___ │ 
2025-01-31 14:17:49,257 INFO     ___FILE_ONLY___      1.0.0
2025-01-31 14:17:49,257 INFO     ___FILE_ONLY___  
2025-01-31 14:17:49,257 INFO     ___FILE_ONLY___ │ 
2025-01-31 14:17:49,257 INFO     ___FILE_ONLY___  1.4 MiB
2025-01-31 14:17:49,257 INFO     ___FILE_ONLY___  
2025-01-31 14:17:49,257 INFO     ___FILE_ONLY___ │
2025-01-31 14:17:49,257 INFO     ___FILE_ONLY___ 

2025-01-31 14:17:49,257 INFO     ___FILE_ONLY___ │ 
2025-01-31 14:17:49,257 INFO     ___FILE_ONLY___ gcloud cli dependencies (Platform Specific)        
2025-01-31 14:17:49,257 INFO     ___FILE_ONLY___  
2025-01-31 14:17:49,257 INFO     ___FILE_ONLY___ │ 
2025-01-31 14:17:49,257 INFO     ___FILE_ONLY___ 2021.04.16
2025-01-31 14:17:49,257 INFO     ___FILE_ONLY___  
2025-01-31 14:17:49,257 INFO     ___FILE_ONLY___ │ 
2025-01-31 14:17:49,257 INFO     ___FILE_ONLY___  < 1 MiB
2025-01-31 14:17:49,257 INFO     ___FILE_ONLY___  
2025-01-31 14:17:49,257 INFO     ___FILE_ONLY___ │
2025-01-31 14:17:49,257 INFO     ___FILE_ONLY___ 

2025-01-31 14:17:49,257 INFO     ___FILE_ONLY___ └─────────────────────────────────────────────────────┴────────────┴──────────┘
2025-01-31 14:17:49,258 INFO     ___FILE_ONLY___ 

2025-01-31 14:17:49,258 INFO     ___FILE_ONLY___ 

2025-01-31 14:17:49,261 DEBUG    urllib3.connectionpool Starting new HTTPS connection (1): dl.google.com:443
2025-01-31 14:17:49,451 DEBUG    urllib3.connectionpool https://dl.google.com:443 "GET /dl/cloudsdk/channels/rapid/RELEASE_NOTES HTTP/1.1" 200 1347594
2025-01-31 14:17:49,494 INFO     ___FILE_ONLY___ For the latest full release notes, please visit:
  https://cloud.google.com/sdk/release_notes


2025-01-31 14:17:49,494 INFO     ___FILE_ONLY___ Performing in place update...


2025-01-31 14:17:49,497 INFO     ___FILE_ONLY___ ╔════════════════════════════════════════════════════════════╗

2025-01-31 14:17:49,497 INFO     ___FILE_ONLY___ ╠═ Downloading: BigQuery Command Line Tool                  ═╣

2025-01-31 14:17:49,497 INFO     ___FILE_ONLY___ ╚
2025-01-31 14:17:49,501 DEBUG    urllib3.connectionpool Starting new HTTPS connection (1): dl.google.com:443
2025-01-31 14:17:49,733 DEBUG    urllib3.connectionpool https://dl.google.com:443 "GET /dl/cloudsdk/channels/rapid/components/google-cloud-sdk-bq-20250117151628.tar.gz HTTP/1.1" 200 1853621
2025-01-31 14:17:49,747 INFO     ___FILE_ONLY___ ═
2025-01-31 14:17:49,747 INFO     ___FILE_ONLY___ ═
2025-01-31 14:17:49,747 INFO     ___FILE_ONLY___ ═
2025-01-31 14:17:49,747 INFO     ___FILE_ONLY___ ═
2025-01-31 14:17:49,747 INFO     ___FILE_ONLY___ ═
2025-01-31 14:17:49,747 INFO     ___FILE_ONLY___ ═
2025-01-31 14:17:49,747 INFO     ___FILE_ONLY___ ═
2025-01-31 14:17:49,748 INFO     ___FILE_ONLY___ ═
2025-01-31 14:17:49,748 INFO     ___FILE_ONLY___ ═
2025-01-31 14:17:49,748 INFO     ___FILE_ONLY___ ═
2025-01-31 14:17:49,748 INFO     ___FILE_ONLY___ ═
2025-01-31 14:17:49,748 INFO     ___FILE_ONLY___ ═
2025-01-31 14:17:49,748 INFO     ___FILE_ONLY___ ═
2025-01-31 14:17:49,748 INFO     ___FILE_ONLY___ ═
2025-01-31 14:17:49,748 INFO     ___FILE_ONLY___ ═
2025-01-31 14:17:49,748 INFO     ___FILE_ONLY___ ═
2025-01-31 14:17:49,748 INFO     ___FILE_ONLY___ ═
2025-01-31 14:17:49,748 INFO     ___FILE_ONLY___ ═
2025-01-31 14:17:49,749 INFO     ___FILE_ONLY___ ═
2025-01-31 14:17:49,749 INFO     ___FILE_ONLY___ ═
2025-01-31 14:17:49,749 INFO     ___FILE_ONLY___ ═
2025-01-31 14:17:49,749 INFO     ___FILE_ONLY___ ═
2025-01-31 14:17:49,749 INFO     ___FILE_ONLY___ ═
2025-01-31 14:17:49,749 INFO     ___FILE_ONLY___ ═
2025-01-31 14:17:49,749 INFO     ___FILE_ONLY___ ═
2025-01-31 14:17:49,749 INFO     ___FILE_ONLY___ ═
2025-01-31 14:17:49,749 INFO     ___FILE_ONLY___ ═
2025-01-31 14:17:49,749 INFO     ___FILE_ONLY___ ═
2025-01-31 14:17:49,749 INFO     ___FILE_ONLY___ ═
2025-01-31 14:17:49,749 INFO     ___FILE_ONLY___ ═
2025-01-31 14:17:49,750 INFO     ___FILE_ONLY___ ═
2025-01-31 14:17:49,750 INFO     ___FILE_ONLY___ ═
2025-01-31 14:17:49,750 INFO     ___FILE_ONLY___ ═
2025-01-31 14:17:49,750 INFO     ___FILE_ONLY___ ═
2025-01-31 14:17:49,750 INFO     ___FILE_ONLY___ ═
2025-01-31 14:17:49,750 INFO     ___FILE_ONLY___ ═
2025-01-31 14:17:49,750 INFO     ___FILE_ONLY___ ═
2025-01-31 14:17:49,750 INFO     ___FILE_ONLY___ ═
2025-01-31 14:17:49,750 INFO     ___FILE_ONLY___ ═
2025-01-31 14:17:49,750 INFO     ___FILE_ONLY___ ═
2025-01-31 14:17:49,750 INFO     ___FILE_ONLY___ ═
2025-01-31 14:17:49,750 INFO     ___FILE_ONLY___ ═
2025-01-31 14:17:49,751 INFO     ___FILE_ONLY___ ═
2025-01-31 14:17:49,751 INFO     ___FILE_ONLY___ ═
2025-01-31 14:17:49,751 INFO     ___FILE_ONLY___ ═
2025-01-31 14:17:49,751 INFO     ___FILE_ONLY___ ═
2025-01-31 14:17:49,751 INFO     ___FILE_ONLY___ ═
2025-01-31 14:17:49,751 INFO     ___FILE_ONLY___ ═
2025-01-31 14:17:49,751 INFO     ___FILE_ONLY___ ═
2025-01-31 14:17:49,751 INFO     ___FILE_ONLY___ ═
2025-01-31 14:17:49,751 INFO     ___FILE_ONLY___ ═
2025-01-31 14:17:49,751 INFO     ___FILE_ONLY___ ═
2025-01-31 14:17:49,751 INFO     ___FILE_ONLY___ ═
2025-01-31 14:17:49,751 INFO     ___FILE_ONLY___ ═
2025-01-31 14:17:49,752 INFO     ___FILE_ONLY___ ═
2025-01-31 14:17:49,752 INFO     ___FILE_ONLY___ ═
2025-01-31 14:17:49,752 INFO     ___FILE_ONLY___ ═
2025-01-31 14:17:49,752 INFO     ___FILE_ONLY___ ═
2025-01-31 14:17:49,752 INFO     ___FILE_ONLY___ ═
2025-01-31 14:17:49,752 INFO     ___FILE_ONLY___ ═
2025-01-31 14:17:49,752 INFO     ___FILE_ONLY___ ╝

2025-01-31 14:17:49,754 INFO     ___FILE_ONLY___ ╔════════════════════════════════════════════════════════════╗

2025-01-31 14:17:49,754 INFO     ___FILE_ONLY___ ╠═ Downloading: BigQuery Command Line Tool (Platform Spe... ═╣

2025-01-31 14:17:49,754 INFO     ___FILE_ONLY___ ╚
2025-01-31 14:17:49,757 DEBUG    urllib3.connectionpool Starting new HTTPS connection (1): dl.google.com:443
2025-01-31 14:17:49,969 DEBUG    urllib3.connectionpool https://dl.google.com:443 "GET /dl/cloudsdk/channels/rapid/components/google-cloud-sdk-bq-nix-20240830134514.tar.gz HTTP/1.1" 200 1914
2025-01-31 14:17:49,969 INFO     ___FILE_ONLY___ ════════════════════════════════════════════════════════════
2025-01-31 14:17:49,969 INFO     ___FILE_ONLY___ ╝

2025-01-31 14:17:49,971 INFO     ___FILE_ONLY___ ╔════════════════════════════════════════════════════════════╗

2025-01-31 14:17:49,971 INFO     ___FILE_ONLY___ ╠═ Downloading: Bundled Python 3.11                         ═╣

2025-01-31 14:17:49,972 INFO     ___FILE_ONLY___ ╚
2025-01-31 14:17:49,972 INFO     ___FILE_ONLY___ ════════════════════════════════════════════════════════════
2025-01-31 14:17:49,972 INFO     ___FILE_ONLY___ ╝

2025-01-31 14:17:49,974 INFO     ___FILE_ONLY___ ╔════════════════════════════════════════════════════════════╗

2025-01-31 14:17:49,974 INFO     ___FILE_ONLY___ ╠═ Downloading: Bundled Python 3.11 (Platform Specific)     ═╣

2025-01-31 14:17:49,974 INFO     ___FILE_ONLY___ ╚
2025-01-31 14:17:49,978 DEBUG    urllib3.connectionpool Starting new HTTPS connection (1): dl.google.com:443
2025-01-31 14:17:50,140 DEBUG    urllib3.connectionpool https://dl.google.com:443 "GET /dl/cloudsdk/channels/rapid/components/google-cloud-sdk-bundled-python3-unix-linux-x86_64-20240920144119.tar.gz HTTP/1.1" 200 78001783
2025-01-31 14:17:50,412 INFO     ___FILE_ONLY___ ═
2025-01-31 14:17:50,413 INFO     ___FILE_ONLY___ ═
2025-01-31 14:17:50,415 INFO     ___FILE_ONLY___ ═
2025-01-31 14:17:50,416 INFO     ___FILE_ONLY___ ═
2025-01-31 14:17:50,418 INFO     ___FILE_ONLY___ ═
2025-01-31 14:17:50,419 INFO     ___FILE_ONLY___ ═
2025-01-31 14:17:50,420 INFO     ___FILE_ONLY___ ═
2025-01-31 14:17:50,422 INFO     ___FILE_ONLY___ ═
2025-01-31 14:17:50,423 INFO     ___FILE_ONLY___ ═
2025-01-31 14:17:50,425 INFO     ___FILE_ONLY___ ═
2025-01-31 14:17:50,426 INFO     ___FILE_ONLY___ ═
2025-01-31 14:17:50,427 INFO     ___FILE_ONLY___ ═
2025-01-31 14:17:50,429 INFO     ___FILE_ONLY___ ═
2025-01-31 14:17:50,430 INFO     ___FILE_ONLY___ ═
2025-01-31 14:17:50,431 INFO     ___FILE_ONLY___ ═
2025-01-31 14:17:50,433 INFO     ___FILE_ONLY___ ═
2025-01-31 14:17:50,434 INFO     ___FILE_ONLY___ ═
2025-01-31 14:17:50,436 INFO     ___FILE_ONLY___ ═
2025-01-31 14:17:50,437 INFO     ___FILE_ONLY___ ═
2025-01-31 14:17:50,438 INFO     ___FILE_ONLY___ ═
2025-01-31 14:17:50,440 INFO     ___FILE_ONLY___ ═
2025-01-31 14:17:50,441 INFO     ___FILE_ONLY___ ═
2025-01-31 14:17:50,442 INFO     ___FILE_ONLY___ ═
2025-01-31 14:17:50,444 INFO     ___FILE_ONLY___ ═
2025-01-31 14:17:50,445 INFO     ___FILE_ONLY___ ═
2025-01-31 14:17:50,447 INFO     ___FILE_ONLY___ ═
2025-01-31 14:17:50,448 INFO     ___FILE_ONLY___ ═
2025-01-31 14:17:50,449 INFO     ___FILE_ONLY___ ═
2025-01-31 14:17:50,451 INFO     ___FILE_ONLY___ ═
2025-01-31 14:17:50,452 INFO     ___FILE_ONLY___ ═
2025-01-31 14:17:50,453 INFO     ___FILE_ONLY___ ═
2025-01-31 14:17:50,455 INFO     ___FILE_ONLY___ ═
2025-01-31 14:17:50,456 INFO     ___FILE_ONLY___ ═
2025-01-31 14:17:50,458 INFO     ___FILE_ONLY___ ═
2025-01-31 14:17:50,459 INFO     ___FILE_ONLY___ ═
2025-01-31 14:17:50,460 INFO     ___FILE_ONLY___ ═
2025-01-31 14:17:50,462 INFO     ___FILE_ONLY___ ═
2025-01-31 14:17:50,463 INFO     ___FILE_ONLY___ ═
2025-01-31 14:17:50,464 INFO     ___FILE_ONLY___ ═
2025-01-31 14:17:50,466 INFO     ___FILE_ONLY___ ═
2025-01-31 14:17:50,467 INFO     ___FILE_ONLY___ ═
2025-01-31 14:17:50,468 INFO     ___FILE_ONLY___ ═
2025-01-31 14:17:50,470 INFO     ___FILE_ONLY___ ═
2025-01-31 14:17:50,471 INFO     ___FILE_ONLY___ ═
2025-01-31 14:17:50,473 INFO     ___FILE_ONLY___ ═
2025-01-31 14:17:50,474 INFO     ___FILE_ONLY___ ═
2025-01-31 14:17:50,475 INFO     ___FILE_ONLY___ ═
2025-01-31 14:17:50,477 INFO     ___FILE_ONLY___ ═
2025-01-31 14:17:50,478 INFO     ___FILE_ONLY___ ═
2025-01-31 14:17:50,479 INFO     ___FILE_ONLY___ ═
2025-01-31 14:17:50,481 INFO     ___FILE_ONLY___ ═
2025-01-31 14:17:50,482 INFO     ___FILE_ONLY___ ═
2025-01-31 14:17:50,483 INFO     ___FILE_ONLY___ ═
2025-01-31 14:17:50,485 INFO     ___FILE_ONLY___ ═
2025-01-31 14:17:50,486 INFO     ___FILE_ONLY___ ═
2025-01-31 14:17:50,487 INFO     ___FILE_ONLY___ ═
2025-01-31 14:17:50,489 INFO     ___FILE_ONLY___ ═
2025-01-31 14:17:50,490 INFO     ___FILE_ONLY___ ═
2025-01-31 14:17:50,492 INFO     ___FILE_ONLY___ ═
2025-01-31 14:17:50,493 INFO     ___FILE_ONLY___ ═
2025-01-31 14:17:50,493 INFO     ___FILE_ONLY___ ╝

2025-01-31 14:17:50,499 INFO     ___FILE_ONLY___ ╔════════════════════════════════════════════════════════════╗

2025-01-31 14:17:50,499 INFO     ___FILE_ONLY___ ╠═ Downloading: Cloud Storage Command Line Tool             ═╣

2025-01-31 14:17:50,499 INFO     ___FILE_ONLY___ ╚
2025-01-31 14:17:50,502 DEBUG    urllib3.connectionpool Starting new HTTPS connection (1): dl.google.com:443
2025-01-31 14:17:50,664 DEBUG    urllib3.connectionpool https://dl.google.com:443 "GET /dl/cloudsdk/channels/rapid/components/google-cloud-sdk-gsutil-20241213184646.tar.gz HTTP/1.1" 200 12368759
2025-01-31 14:17:50,703 INFO     ___FILE_ONLY___ ═
2025-01-31 14:17:50,703 INFO     ___FILE_ONLY___ ═
2025-01-31 14:17:50,703 INFO     ___FILE_ONLY___ ═
2025-01-31 14:17:50,704 INFO     ___FILE_ONLY___ ═
2025-01-31 14:17:50,704 INFO     ___FILE_ONLY___ ═
2025-01-31 14:17:50,704 INFO     ___FILE_ONLY___ ═
2025-01-31 14:17:50,705 INFO     ___FILE_ONLY___ ═
2025-01-31 14:17:50,705 INFO     ___FILE_ONLY___ ═
2025-01-31 14:17:50,705 INFO     ___FILE_ONLY___ ═
2025-01-31 14:17:50,706 INFO     ___FILE_ONLY___ ═
2025-01-31 14:17:50,706 INFO     ___FILE_ONLY___ ═
2025-01-31 14:17:50,706 INFO     ___FILE_ONLY___ ═
2025-01-31 14:17:50,707 INFO     ___FILE_ONLY___ ═
2025-01-31 14:17:50,707 INFO     ___FILE_ONLY___ ═
2025-01-31 14:17:50,707 INFO     ___FILE_ONLY___ ═
2025-01-31 14:17:50,708 INFO     ___FILE_ONLY___ ═
2025-01-31 14:17:50,708 INFO     ___FILE_ONLY___ ═
2025-01-31 14:17:50,708 INFO     ___FILE_ONLY___ ═
2025-01-31 14:17:50,708 INFO     ___FILE_ONLY___ ═
2025-01-31 14:17:50,709 INFO     ___FILE_ONLY___ ═
2025-01-31 14:17:50,709 INFO     ___FILE_ONLY___ ═
2025-01-31 14:17:50,709 INFO     ___FILE_ONLY___ ═
2025-01-31 14:17:50,710 INFO     ___FILE_ONLY___ ═
2025-01-31 14:17:50,710 INFO     ___FILE_ONLY___ ═
2025-01-31 14:17:50,710 INFO     ___FILE_ONLY___ ═
2025-01-31 14:17:50,711 INFO     ___FILE_ONLY___ ═
2025-01-31 14:17:50,711 INFO     ___FILE_ONLY___ ═
2025-01-31 14:17:50,711 INFO     ___FILE_ONLY___ ═
2025-01-31 14:17:50,712 INFO     ___FILE_ONLY___ ═
2025-01-31 14:17:50,712 INFO     ___FILE_ONLY___ ═
2025-01-31 14:17:50,712 INFO     ___FILE_ONLY___ ═
2025-01-31 14:17:50,713 INFO     ___FILE_ONLY___ ═
2025-01-31 14:17:50,713 INFO     ___FILE_ONLY___ ═
2025-01-31 14:17:50,713 INFO     ___FILE_ONLY___ ═
2025-01-31 14:17:50,714 INFO     ___FILE_ONLY___ ═
2025-01-31 14:17:50,714 INFO     ___FILE_ONLY___ ═
2025-01-31 14:17:50,714 INFO     ___FILE_ONLY___ ═
2025-01-31 14:17:50,715 INFO     ___FILE_ONLY___ ═
2025-01-31 14:17:50,715 INFO     ___FILE_ONLY___ ═
2025-01-31 14:17:50,715 INFO     ___FILE_ONLY___ ═
2025-01-31 14:17:50,716 INFO     ___FILE_ONLY___ ═
2025-01-31 14:17:50,716 INFO     ___FILE_ONLY___ ═
2025-01-31 14:17:50,716 INFO     ___FILE_ONLY___ ═
2025-01-31 14:17:50,716 INFO     ___FILE_ONLY___ ═
2025-01-31 14:17:50,717 INFO     ___FILE_ONLY___ ═
2025-01-31 14:17:50,717 INFO     ___FILE_ONLY___ ═
2025-01-31 14:17:50,717 INFO     ___FILE_ONLY___ ═
2025-01-31 14:17:50,718 INFO     ___FILE_ONLY___ ═
2025-01-31 14:17:50,718 INFO     ___FILE_ONLY___ ═
2025-01-31 14:17:50,718 INFO     ___FILE_ONLY___ ═
2025-01-31 14:17:50,719 INFO     ___FILE_ONLY___ ═
2025-01-31 14:17:50,719 INFO     ___FILE_ONLY___ ═
2025-01-31 14:17:50,719 INFO     ___FILE_ONLY___ ═
2025-01-31 14:17:50,720 INFO     ___FILE_ONLY___ ═
2025-01-31 14:17:50,720 INFO     ___FILE_ONLY___ ═
2025-01-31 14:17:50,720 INFO     ___FILE_ONLY___ ═
2025-01-31 14:17:50,721 INFO     ___FILE_ONLY___ ═
2025-01-31 14:17:50,721 INFO     ___FILE_ONLY___ ═
2025-01-31 14:17:50,721 INFO     ___FILE_ONLY___ ═
2025-01-31 14:17:50,722 INFO     ___FILE_ONLY___ ═
2025-01-31 14:17:50,722 INFO     ___FILE_ONLY___ ╝

2025-01-31 14:17:50,724 INFO     ___FILE_ONLY___ ╔════════════════════════════════════════════════════════════╗

2025-01-31 14:17:50,724 INFO     ___FILE_ONLY___ ╠═ Downloading: Cloud Storage Command Line Tool (Platfor... ═╣

2025-01-31 14:17:50,724 INFO     ___FILE_ONLY___ ╚
2025-01-31 14:17:50,728 DEBUG    urllib3.connectionpool Starting new HTTPS connection (1): dl.google.com:443
2025-01-31 14:17:50,885 DEBUG    urllib3.connectionpool https://dl.google.com:443 "GET /dl/cloudsdk/channels/rapid/components/google-cloud-sdk-gsutil-nix-20240830134514.tar.gz HTTP/1.1" 200 1928
2025-01-31 14:17:50,885 INFO     ___FILE_ONLY___ ════════════════════════════════════════════════════════════
2025-01-31 14:17:50,885 INFO     ___FILE_ONLY___ ╝

2025-01-31 14:17:50,887 INFO     ___FILE_ONLY___ ╔════════════════════════════════════════════════════════════╗

2025-01-31 14:17:50,888 INFO     ___FILE_ONLY___ ╠═ Downloading: Default set of gcloud commands              ═╣

2025-01-31 14:17:50,888 INFO     ___FILE_ONLY___ ╚
2025-01-31 14:17:50,888 INFO     ___FILE_ONLY___ ════════════════════════════════════════════════════════════
2025-01-31 14:17:50,888 INFO     ___FILE_ONLY___ ╝

2025-01-31 14:17:50,890 INFO     ___FILE_ONLY___ ╔════════════════════════════════════════════════════════════╗

2025-01-31 14:17:50,890 INFO     ___FILE_ONLY___ ╠═ Downloading: Google Cloud CLI Core Libraries (Platfor... ═╣

2025-01-31 14:17:50,890 INFO     ___FILE_ONLY___ ╚
2025-01-31 14:17:50,893 DEBUG    urllib3.connectionpool Starting new HTTPS connection (1): dl.google.com:443
2025-01-31 14:17:51,055 DEBUG    urllib3.connectionpool https://dl.google.com:443 "GET /dl/cloudsdk/channels/rapid/components/google-cloud-sdk-core-nix-20240830134514.tar.gz HTTP/1.1" 200 2306
2025-01-31 14:17:51,056 INFO     ___FILE_ONLY___ ════════════════════════════════════════════════════════════
2025-01-31 14:17:51,056 INFO     ___FILE_ONLY___ ╝

2025-01-31 14:17:51,058 INFO     ___FILE_ONLY___ ╔════════════════════════════════════════════════════════════╗

2025-01-31 14:17:51,058 INFO     ___FILE_ONLY___ ╠═ Downloading: Google Cloud CRC32C Hash Tool               ═╣

2025-01-31 14:17:51,058 INFO     ___FILE_ONLY___ ╚
2025-01-31 14:17:51,058 INFO     ___FILE_ONLY___ ════════════════════════════════════════════════════════════
2025-01-31 14:17:51,058 INFO     ___FILE_ONLY___ ╝

2025-01-31 14:17:51,060 INFO     ___FILE_ONLY___ ╔════════════════════════════════════════════════════════════╗

2025-01-31 14:17:51,060 INFO     ___FILE_ONLY___ ╠═ Downloading: Google Cloud CRC32C Hash Tool (Platform ... ═╣

2025-01-31 14:17:51,060 INFO     ___FILE_ONLY___ ╚
2025-01-31 14:17:51,063 DEBUG    urllib3.connectionpool Starting new HTTPS connection (1): dl.google.com:443
2025-01-31 14:17:51,288 DEBUG    urllib3.connectionpool https://dl.google.com:443 "GET /dl/cloudsdk/channels/rapid/components/google-cloud-sdk-gcloud-crc32c-linux-x86_64-20250110133808.tar.gz HTTP/1.1" 200 1478989
2025-01-31 14:17:51,299 INFO     ___FILE_ONLY___ ═
2025-01-31 14:17:51,299 INFO     ___FILE_ONLY___ ═
2025-01-31 14:17:51,300 INFO     ___FILE_ONLY___ ═
2025-01-31 14:17:51,300 INFO     ___FILE_ONLY___ ═
2025-01-31 14:17:51,300 INFO     ___FILE_ONLY___ ═
2025-01-31 14:17:51,300 INFO     ___FILE_ONLY___ ═
2025-01-31 14:17:51,300 INFO     ___FILE_ONLY___ ═
2025-01-31 14:17:51,300 INFO     ___FILE_ONLY___ ═
2025-01-31 14:17:51,300 INFO     ___FILE_ONLY___ ═
2025-01-31 14:17:51,300 INFO     ___FILE_ONLY___ ═
2025-01-31 14:17:51,300 INFO     ___FILE_ONLY___ ═
2025-01-31 14:17:51,300 INFO     ___FILE_ONLY___ ═
2025-01-31 14:17:51,301 INFO     ___FILE_ONLY___ ═
2025-01-31 14:17:51,301 INFO     ___FILE_ONLY___ ═
2025-01-31 14:17:51,301 INFO     ___FILE_ONLY___ ═
2025-01-31 14:17:51,301 INFO     ___FILE_ONLY___ ═
2025-01-31 14:17:51,301 INFO     ___FILE_ONLY___ ═
2025-01-31 14:17:51,301 INFO     ___FILE_ONLY___ ═
2025-01-31 14:17:51,301 INFO     ___FILE_ONLY___ ═
2025-01-31 14:17:51,301 INFO     ___FILE_ONLY___ ═
2025-01-31 14:17:51,301 INFO     ___FILE_ONLY___ ═
2025-01-31 14:17:51,301 INFO     ___FILE_ONLY___ ═
2025-01-31 14:17:51,301 INFO     ___FILE_ONLY___ ═
2025-01-31 14:17:51,301 INFO     ___FILE_ONLY___ ═
2025-01-31 14:17:51,301 INFO     ___FILE_ONLY___ ═
2025-01-31 14:17:51,302 INFO     ___FILE_ONLY___ ═
2025-01-31 14:17:51,302 INFO     ___FILE_ONLY___ ═
2025-01-31 14:17:51,302 INFO     ___FILE_ONLY___ ═
2025-01-31 14:17:51,302 INFO     ___FILE_ONLY___ ═
2025-01-31 14:17:51,302 INFO     ___FILE_ONLY___ ═
2025-01-31 14:17:51,302 INFO     ___FILE_ONLY___ ═
2025-01-31 14:17:51,302 INFO     ___FILE_ONLY___ ═
2025-01-31 14:17:51,302 INFO     ___FILE_ONLY___ ═
2025-01-31 14:17:51,302 INFO     ___FILE_ONLY___ ═
2025-01-31 14:17:51,302 INFO     ___FILE_ONLY___ ═
2025-01-31 14:17:51,302 INFO     ___FILE_ONLY___ ═
2025-01-31 14:17:51,302 INFO     ___FILE_ONLY___ ═
2025-01-31 14:17:51,302 INFO     ___FILE_ONLY___ ═
2025-01-31 14:17:51,303 INFO     ___FILE_ONLY___ ═
2025-01-31 14:17:51,303 INFO     ___FILE_ONLY___ ═
2025-01-31 14:17:51,303 INFO     ___FILE_ONLY___ ═
2025-01-31 14:17:51,303 INFO     ___FILE_ONLY___ ═
2025-01-31 14:17:51,303 INFO     ___FILE_ONLY___ ═
2025-01-31 14:17:51,303 INFO     ___FILE_ONLY___ ═
2025-01-31 14:17:51,303 INFO     ___FILE_ONLY___ ═
2025-01-31 14:17:51,303 INFO     ___FILE_ONLY___ ═
2025-01-31 14:17:51,304 INFO     ___FILE_ONLY___ ═
2025-01-31 14:17:51,304 INFO     ___FILE_ONLY___ ═
2025-01-31 14:17:51,304 INFO     ___FILE_ONLY___ ═
2025-01-31 14:17:51,304 INFO     ___FILE_ONLY___ ═
2025-01-31 14:17:51,304 INFO     ___FILE_ONLY___ ═
2025-01-31 14:17:51,304 INFO     ___FILE_ONLY___ ═
2025-01-31 14:17:51,304 INFO     ___FILE_ONLY___ ═
2025-01-31 14:17:51,304 INFO     ___FILE_ONLY___ ═
2025-01-31 14:17:51,305 INFO     ___FILE_ONLY___ ═
2025-01-31 14:17:51,305 INFO     ___FILE_ONLY___ ═
2025-01-31 14:17:51,305 INFO     ___FILE_ONLY___ ═
2025-01-31 14:17:51,305 INFO     ___FILE_ONLY___ ═
2025-01-31 14:17:51,305 INFO     ___FILE_ONLY___ ═
2025-01-31 14:17:51,305 INFO     ___FILE_ONLY___ ═
2025-01-31 14:17:51,305 INFO     ___FILE_ONLY___ ╝

2025-01-31 14:17:51,307 INFO     ___FILE_ONLY___ ╔════════════════════════════════════════════════════════════╗

2025-01-31 14:17:51,307 INFO     ___FILE_ONLY___ ╠═ Downloading: gcloud cli dependencies (Platform Specific) ═╣

2025-01-31 14:17:51,307 INFO     ___FILE_ONLY___ ╚
2025-01-31 14:17:51,323 DEBUG    urllib3.connectionpool Starting new HTTPS connection (1): dl.google.com:443
2025-01-31 14:17:51,500 DEBUG    urllib3.connectionpool https://dl.google.com:443 "GET /dl/cloudsdk/channels/rapid/components/google-cloud-sdk-gcloud-deps-linux-x86_64-20210416153011.tar.gz HTTP/1.1" 200 104
2025-01-31 14:17:51,501 INFO     ___FILE_ONLY___ ════════════════════════════════════════════════════════════
2025-01-31 14:17:51,501 INFO     ___FILE_ONLY___ ╝

2025-01-31 14:17:51,503 INFO     ___FILE_ONLY___ ╔════════════════════════════════════════════════════════════╗

2025-01-31 14:17:51,503 INFO     ___FILE_ONLY___ ╠═ Installing: BigQuery Command Line Tool                   ═╣

2025-01-31 14:17:51,503 INFO     ___FILE_ONLY___ ╚
2025-01-31 14:17:51,594 INFO     ___FILE_ONLY___ ═
2025-01-31 14:17:51,597 INFO     ___FILE_ONLY___ ═
2025-01-31 14:17:51,599 INFO     ___FILE_ONLY___ ═
2025-01-31 14:17:51,601 INFO     ___FILE_ONLY___ ═
2025-01-31 14:17:51,603 INFO     ___FILE_ONLY___ ═
2025-01-31 14:17:51,606 INFO     ___FILE_ONLY___ ═
2025-01-31 14:17:51,608 INFO     ___FILE_ONLY___ ═
2025-01-31 14:17:51,610 INFO     ___FILE_ONLY___ ═
2025-01-31 14:17:51,612 INFO     ___FILE_ONLY___ ═
2025-01-31 14:17:51,614 INFO     ___FILE_ONLY___ ═
2025-01-31 14:17:51,616 INFO     ___FILE_ONLY___ ═
2025-01-31 14:17:51,618 INFO     ___FILE_ONLY___ ═
2025-01-31 14:17:51,620 INFO     ___FILE_ONLY___ ═
2025-01-31 14:17:51,622 INFO     ___FILE_ONLY___ ═
2025-01-31 14:17:51,624 INFO     ___FILE_ONLY___ ═
2025-01-31 14:17:51,626 INFO     ___FILE_ONLY___ ═
2025-01-31 14:17:51,628 INFO     ___FILE_ONLY___ ═
2025-01-31 14:17:51,631 INFO     ___FILE_ONLY___ ═
2025-01-31 14:17:51,633 INFO     ___FILE_ONLY___ ═
2025-01-31 14:17:51,635 INFO     ___FILE_ONLY___ ═
2025-01-31 14:17:51,637 INFO     ___FILE_ONLY___ ═
2025-01-31 14:17:51,639 INFO     ___FILE_ONLY___ ═
2025-01-31 14:17:51,641 INFO     ___FILE_ONLY___ ═
2025-01-31 14:17:51,642 INFO     ___FILE_ONLY___ ═
2025-01-31 14:17:51,645 INFO     ___FILE_ONLY___ ═
2025-01-31 14:17:51,646 INFO     ___FILE_ONLY___ ═
2025-01-31 14:17:51,648 INFO     ___FILE_ONLY___ ═
2025-01-31 14:17:51,651 INFO     ___FILE_ONLY___ ═
2025-01-31 14:17:51,654 INFO     ___FILE_ONLY___ ═
2025-01-31 14:17:51,656 INFO     ___FILE_ONLY___ ═
2025-01-31 14:17:51,657 INFO     ___FILE_ONLY___ ═
2025-01-31 14:17:51,659 INFO     ___FILE_ONLY___ ═
2025-01-31 14:17:51,662 INFO     ___FILE_ONLY___ ═
2025-01-31 14:17:51,666 INFO     ___FILE_ONLY___ ═
2025-01-31 14:17:51,675 INFO     ___FILE_ONLY___ ═
2025-01-31 14:17:51,676 INFO     ___FILE_ONLY___ ═
2025-01-31 14:17:51,679 INFO     ___FILE_ONLY___ ═
2025-01-31 14:17:51,683 INFO     ___FILE_ONLY___ ═
2025-01-31 14:17:51,685 INFO     ___FILE_ONLY___ ═
2025-01-31 14:17:51,688 INFO     ___FILE_ONLY___ ═
2025-01-31 14:17:51,690 INFO     ___FILE_ONLY___ ═
2025-01-31 14:17:51,692 INFO     ___FILE_ONLY___ ═
2025-01-31 14:17:51,695 INFO     ___FILE_ONLY___ ═
2025-01-31 14:17:51,698 INFO     ___FILE_ONLY___ ═
2025-01-31 14:17:51,700 INFO     ___FILE_ONLY___ ═
2025-01-31 14:17:51,702 INFO     ___FILE_ONLY___ ═
2025-01-31 14:17:51,704 INFO     ___FILE_ONLY___ ═
2025-01-31 14:17:51,706 INFO     ___FILE_ONLY___ ═
2025-01-31 14:17:51,707 INFO     ___FILE_ONLY___ ═
2025-01-31 14:17:51,710 INFO     ___FILE_ONLY___ ═
2025-01-31 14:17:51,712 INFO     ___FILE_ONLY___ ═
2025-01-31 14:17:51,713 INFO     ___FILE_ONLY___ ═
2025-01-31 14:17:51,715 INFO     ___FILE_ONLY___ ═
2025-01-31 14:17:51,717 INFO     ___FILE_ONLY___ ═
2025-01-31 14:17:51,720 INFO     ___FILE_ONLY___ ═
2025-01-31 14:17:51,721 INFO     ___FILE_ONLY___ ═
2025-01-31 14:17:51,723 INFO     ___FILE_ONLY___ ═
2025-01-31 14:17:51,725 INFO     ___FILE_ONLY___ ═
2025-01-31 14:17:51,727 INFO     ___FILE_ONLY___ ═
2025-01-31 14:17:51,729 INFO     ___FILE_ONLY___ ═
2025-01-31 14:17:51,729 INFO     ___FILE_ONLY___ ╝

2025-01-31 14:17:51,737 INFO     ___FILE_ONLY___ ╔════════════════════════════════════════════════════════════╗

2025-01-31 14:17:51,737 INFO     ___FILE_ONLY___ ╠═ Installing: BigQuery Command Line Tool (Platform Spec... ═╣

2025-01-31 14:17:51,737 INFO     ___FILE_ONLY___ ╚
2025-01-31 14:17:51,738 INFO     ___FILE_ONLY___ ════════════════════════════════════════════════════════════
2025-01-31 14:17:51,738 INFO     ___FILE_ONLY___ ╝

2025-01-31 14:17:51,742 INFO     ___FILE_ONLY___ ╔════════════════════════════════════════════════════════════╗

2025-01-31 14:17:51,742 INFO     ___FILE_ONLY___ ╠═ Installing: Bundled Python 3.11                          ═╣

2025-01-31 14:17:51,742 INFO     ___FILE_ONLY___ ╚
2025-01-31 14:17:51,745 INFO     ___FILE_ONLY___ ════════════════════════════════════════════════════════════
2025-01-31 14:17:51,745 INFO     ___FILE_ONLY___ ╝

2025-01-31 14:17:51,746 INFO     ___FILE_ONLY___ ╔════════════════════════════════════════════════════════════╗

2025-01-31 14:17:51,746 INFO     ___FILE_ONLY___ ╠═ Installing: Bundled Python 3.11 (Platform Specific)      ═╣

2025-01-31 14:17:51,747 INFO     ___FILE_ONLY___ ╚
2025-01-31 14:17:53,653 INFO     ___FILE_ONLY___ ═
2025-01-31 14:17:53,667 INFO     ___FILE_ONLY___ ═
2025-01-31 14:17:53,679 INFO     ___FILE_ONLY___ ═
2025-01-31 14:17:53,690 INFO     ___FILE_ONLY___ ═
2025-01-31 14:17:53,702 INFO     ___FILE_ONLY___ ═
2025-01-31 14:17:53,713 INFO     ___FILE_ONLY___ ═
2025-01-31 14:17:53,725 INFO     ___FILE_ONLY___ ═
2025-01-31 14:17:53,736 INFO     ___FILE_ONLY___ ═
2025-01-31 14:17:53,747 INFO     ___FILE_ONLY___ ═
2025-01-31 14:17:53,759 INFO     ___FILE_ONLY___ ═
2025-01-31 14:17:53,770 INFO     ___FILE_ONLY___ ═
2025-01-31 14:17:53,780 INFO     ___FILE_ONLY___ ═
2025-01-31 14:17:53,792 INFO     ___FILE_ONLY___ ═
2025-01-31 14:17:53,803 INFO     ___FILE_ONLY___ ═
2025-01-31 14:17:53,815 INFO     ___FILE_ONLY___ ═
2025-01-31 14:17:53,826 INFO     ___FILE_ONLY___ ═
2025-01-31 14:17:53,838 INFO     ___FILE_ONLY___ ═
2025-01-31 14:17:53,849 INFO     ___FILE_ONLY___ ═
2025-01-31 14:17:53,860 INFO     ___FILE_ONLY___ ═
2025-01-31 14:17:53,871 INFO     ___FILE_ONLY___ ═
2025-01-31 14:17:53,883 INFO     ___FILE_ONLY___ ═
2025-01-31 14:17:53,894 INFO     ___FILE_ONLY___ ═
2025-01-31 14:17:53,905 INFO     ___FILE_ONLY___ ═
2025-01-31 14:17:53,917 INFO     ___FILE_ONLY___ ═
2025-01-31 14:17:53,928 INFO     ___FILE_ONLY___ ═
2025-01-31 14:17:53,940 INFO     ___FILE_ONLY___ ═
2025-01-31 14:17:53,951 INFO     ___FILE_ONLY___ ═
2025-01-31 14:17:53,962 INFO     ___FILE_ONLY___ ═
2025-01-31 14:17:53,974 INFO     ___FILE_ONLY___ ═
2025-01-31 14:17:53,985 INFO     ___FILE_ONLY___ ═
2025-01-31 14:17:53,996 INFO     ___FILE_ONLY___ ═
2025-01-31 14:17:54,044 INFO     ___FILE_ONLY___ ═
2025-01-31 14:17:54,055 INFO     ___FILE_ONLY___ ═
2025-01-31 14:17:54,066 INFO     ___FILE_ONLY___ ═
2025-01-31 14:17:54,078 INFO     ___FILE_ONLY___ ═
2025-01-31 14:17:54,089 INFO     ___FILE_ONLY___ ═
2025-01-31 14:17:54,809 INFO     ___FILE_ONLY___ ═
2025-01-31 14:17:54,833 INFO     ___FILE_ONLY___ ═
2025-01-31 14:17:54,856 INFO     ___FILE_ONLY___ ═
2025-01-31 14:17:54,875 INFO     ___FILE_ONLY___ ═
2025-01-31 14:17:54,895 INFO     ___FILE_ONLY___ ═
2025-01-31 14:17:55,029 INFO     ___FILE_ONLY___ ═
2025-01-31 14:17:55,056 INFO     ___FILE_ONLY___ ═
2025-01-31 14:17:55,074 INFO     ___FILE_ONLY___ ═
2025-01-31 14:17:55,089 INFO     ___FILE_ONLY___ ═
2025-01-31 14:17:55,106 INFO     ___FILE_ONLY___ ═
2025-01-31 14:17:55,134 INFO     ___FILE_ONLY___ ═
2025-01-31 14:17:55,173 INFO     ___FILE_ONLY___ ═
2025-01-31 14:17:55,190 INFO     ___FILE_ONLY___ ═
2025-01-31 14:17:55,204 INFO     ___FILE_ONLY___ ═
2025-01-31 14:17:55,295 INFO     ___FILE_ONLY___ ═
2025-01-31 14:17:55,313 INFO     ___FILE_ONLY___ ═
2025-01-31 14:17:55,331 INFO     ___FILE_ONLY___ ═
2025-01-31 14:17:55,348 INFO     ___FILE_ONLY___ ═
2025-01-31 14:17:55,390 INFO     ___FILE_ONLY___ ═
2025-01-31 14:17:55,832 INFO     ___FILE_ONLY___ ═
2025-01-31 14:17:55,849 INFO     ___FILE_ONLY___ ═
2025-01-31 14:17:55,870 INFO     ___FILE_ONLY___ ═
2025-01-31 14:17:55,886 INFO     ___FILE_ONLY___ ═
2025-01-31 14:17:56,246 INFO     ___FILE_ONLY___ ═
2025-01-31 14:17:56,247 INFO     ___FILE_ONLY___ ╝

2025-01-31 14:17:56,294 INFO     ___FILE_ONLY___ ╔════════════════════════════════════════════════════════════╗

2025-01-31 14:17:56,294 INFO     ___FILE_ONLY___ ╠═ Installing: Cloud Storage Command Line Tool              ═╣

2025-01-31 14:17:56,294 INFO     ___FILE_ONLY___ ╚
2025-01-31 14:17:56,826 INFO     ___FILE_ONLY___ ═
2025-01-31 14:17:56,843 INFO     ___FILE_ONLY___ ═
2025-01-31 14:17:56,862 INFO     ___FILE_ONLY___ ═
2025-01-31 14:17:56,878 INFO     ___FILE_ONLY___ ═
2025-01-31 14:17:56,893 INFO     ___FILE_ONLY___ ═
2025-01-31 14:17:56,904 INFO     ___FILE_ONLY___ ═
2025-01-31 14:17:56,918 INFO     ___FILE_ONLY___ ═
2025-01-31 14:17:56,948 INFO     ___FILE_ONLY___ ═
2025-01-31 14:17:56,961 INFO     ___FILE_ONLY___ ═
2025-01-31 14:17:56,974 INFO     ___FILE_ONLY___ ═
2025-01-31 14:17:56,986 INFO     ___FILE_ONLY___ ═
2025-01-31 14:17:56,998 INFO     ___FILE_ONLY___ ═
2025-01-31 14:17:57,006 INFO     ___FILE_ONLY___ ═
2025-01-31 14:17:57,015 INFO     ___FILE_ONLY___ ═
2025-01-31 14:17:57,025 INFO     ___FILE_ONLY___ ═
2025-01-31 14:17:57,034 INFO     ___FILE_ONLY___ ═
2025-01-31 14:17:57,044 INFO     ___FILE_ONLY___ ═
2025-01-31 14:17:57,054 INFO     ___FILE_ONLY___ ═
2025-01-31 14:17:57,064 INFO     ___FILE_ONLY___ ═
2025-01-31 14:17:57,075 INFO     ___FILE_ONLY___ ═
2025-01-31 14:17:57,086 INFO     ___FILE_ONLY___ ═
2025-01-31 14:17:57,100 INFO     ___FILE_ONLY___ ═
2025-01-31 14:17:57,114 INFO     ___FILE_ONLY___ ═
2025-01-31 14:17:57,123 INFO     ___FILE_ONLY___ ═
2025-01-31 14:17:57,135 INFO     ___FILE_ONLY___ ═
2025-01-31 14:17:57,149 INFO     ___FILE_ONLY___ ═
2025-01-31 14:17:57,166 INFO     ___FILE_ONLY___ ═
2025-01-31 14:17:57,184 INFO     ___FILE_ONLY___ ═
2025-01-31 14:17:57,200 INFO     ___FILE_ONLY___ ═
2025-01-31 14:17:57,220 INFO     ___FILE_ONLY___ ═
2025-01-31 14:17:57,231 INFO     ___FILE_ONLY___ ═
2025-01-31 14:17:57,243 INFO     ___FILE_ONLY___ ═
2025-01-31 14:17:57,262 INFO     ___FILE_ONLY___ ═
2025-01-31 14:17:57,275 INFO     ___FILE_ONLY___ ═
2025-01-31 14:17:57,286 INFO     ___FILE_ONLY___ ═
2025-01-31 14:17:57,296 INFO     ___FILE_ONLY___ ═
2025-01-31 14:17:57,305 INFO     ___FILE_ONLY___ ═
2025-01-31 14:17:57,315 INFO     ___FILE_ONLY___ ═
2025-01-31 14:17:57,325 INFO     ___FILE_ONLY___ ═
2025-01-31 14:17:57,336 INFO     ___FILE_ONLY___ ═
2025-01-31 14:17:57,345 INFO     ___FILE_ONLY___ ═
2025-01-31 14:17:57,358 INFO     ___FILE_ONLY___ ═
2025-01-31 14:17:57,367 INFO     ___FILE_ONLY___ ═
2025-01-31 14:17:57,380 INFO     ___FILE_ONLY___ ═
2025-01-31 14:17:57,395 INFO     ___FILE_ONLY___ ═
2025-01-31 14:17:57,406 INFO     ___FILE_ONLY___ ═
2025-01-31 14:17:57,414 INFO     ___FILE_ONLY___ ═
2025-01-31 14:17:57,424 INFO     ___FILE_ONLY___ ═
2025-01-31 14:17:57,434 INFO     ___FILE_ONLY___ ═
2025-01-31 14:17:57,446 INFO     ___FILE_ONLY___ ═
2025-01-31 14:17:57,463 INFO     ___FILE_ONLY___ ═
2025-01-31 14:17:57,474 INFO     ___FILE_ONLY___ ═
2025-01-31 14:17:57,489 INFO     ___FILE_ONLY___ ═
2025-01-31 14:17:57,502 INFO     ___FILE_ONLY___ ═
2025-01-31 14:17:57,537 INFO     ___FILE_ONLY___ ═
2025-01-31 14:17:57,546 INFO     ___FILE_ONLY___ ═
2025-01-31 14:17:57,556 INFO     ___FILE_ONLY___ ═
2025-01-31 14:17:57,566 INFO     ___FILE_ONLY___ ═
2025-01-31 14:17:57,577 INFO     ___FILE_ONLY___ ═
2025-01-31 14:17:57,591 INFO     ___FILE_ONLY___ ═
2025-01-31 14:17:57,591 INFO     ___FILE_ONLY___ ╝

2025-01-31 14:17:57,622 INFO     ___FILE_ONLY___ ╔════════════════════════════════════════════════════════════╗

2025-01-31 14:17:57,622 INFO     ___FILE_ONLY___ ╠═ Installing: Cloud Storage Command Line Tool (Platform... ═╣

2025-01-31 14:17:57,623 INFO     ___FILE_ONLY___ ╚
2025-01-31 14:17:57,623 INFO     ___FILE_ONLY___ ════════════════════════════════════════════════════════════
2025-01-31 14:17:57,623 INFO     ___FILE_ONLY___ ╝

2025-01-31 14:17:57,628 INFO     ___FILE_ONLY___ ╔════════════════════════════════════════════════════════════╗

2025-01-31 14:17:57,628 INFO     ___FILE_ONLY___ ╠═ Installing: Default set of gcloud commands               ═╣

2025-01-31 14:17:57,628 INFO     ___FILE_ONLY___ ╚
2025-01-31 14:17:57,630 INFO     ___FILE_ONLY___ ════════════════════════════════════════════════════════════
2025-01-31 14:17:57,630 INFO     ___FILE_ONLY___ ╝

2025-01-31 14:17:57,632 INFO     ___FILE_ONLY___ ╔════════════════════════════════════════════════════════════╗

2025-01-31 14:17:57,632 INFO     ___FILE_ONLY___ ╠═ Installing: Google Cloud CLI Core Libraries (Platform... ═╣

2025-01-31 14:17:57,632 INFO     ___FILE_ONLY___ ╚
2025-01-31 14:17:57,633 INFO     ___FILE_ONLY___ ══════════════════════════════
2025-01-31 14:17:57,634 INFO     ___FILE_ONLY___ ══════════════════════════════
2025-01-31 14:17:57,634 INFO     ___FILE_ONLY___ ╝

2025-01-31 14:17:57,638 INFO     ___FILE_ONLY___ ╔════════════════════════════════════════════════════════════╗

2025-01-31 14:17:57,638 INFO     ___FILE_ONLY___ ╠═ Installing: Google Cloud CRC32C Hash Tool                ═╣

2025-01-31 14:17:57,638 INFO     ___FILE_ONLY___ ╚
2025-01-31 14:17:57,641 INFO     ___FILE_ONLY___ ════════════════════════════════════════════════════════════
2025-01-31 14:17:57,641 INFO     ___FILE_ONLY___ ╝

2025-01-31 14:17:57,642 INFO     ___FILE_ONLY___ ╔════════════════════════════════════════════════════════════╗

2025-01-31 14:17:57,642 INFO     ___FILE_ONLY___ ╠═ Installing: Google Cloud CRC32C Hash Tool (Platform S... ═╣

2025-01-31 14:17:57,643 INFO     ___FILE_ONLY___ ╚
2025-01-31 14:17:57,682 INFO     ___FILE_ONLY___ ══════════════════════════════
2025-01-31 14:17:57,682 INFO     ___FILE_ONLY___ ══════════════════════════════
2025-01-31 14:17:57,682 INFO     ___FILE_ONLY___ ╝

2025-01-31 14:17:57,687 INFO     ___FILE_ONLY___ ╔════════════════════════════════════════════════════════════╗

2025-01-31 14:17:57,687 INFO     ___FILE_ONLY___ ╠═ Installing: gcloud cli dependencies (Platform Specific)  ═╣

2025-01-31 14:17:57,687 INFO     ___FILE_ONLY___ ╚
2025-01-31 14:17:57,687 INFO     ___FILE_ONLY___ ════════════════════════════════════════════════════════════
2025-01-31 14:17:57,688 INFO     ___FILE_ONLY___ ╝

2025-01-31 14:17:57,693 DEBUG    root            Updating notification cache...
2025-01-31 14:17:57,693 INFO     ___FILE_ONLY___ 

2025-01-31 14:17:57,695 INFO     ___FILE_ONLY___ Performing post processing steps...
2025-01-31 14:17:57,696 DEBUG    root            Executing command: ['/tools/google-cloud-sdk/bin/gcloud', 'components', 'post-process']
2025-01-31 14:18:06,018 DEBUG    ___FILE_ONLY___ 
2025-01-31 14:18:06,018 DEBUG    ___FILE_ONLY___ 
2025-01-31 14:18:06,233 INFO     ___FILE_ONLY___ 
Update done!


2025-01-31 14:18:06,235 DEBUG    root            Chosen display Format:none
2025-01-31 14:18:06,236 INFO     root            Display format: "none"
