2025-01-31 14:18:06,791 DEBUG    root            Loaded Command Group: ['gcloud', 'components']
2025-01-31 14:18:06,793 DEBUG    root            Loaded Command Group: ['gcloud', 'components', 'update']
2025-01-31 14:18:06,795 DEBUG    root            Running [gcloud.components.update] with arguments: [--quiet: "True", COMPONENT-IDS:8: "['gcloud', 'core', 'bq', 'gsutil', 'compute', 'preview', 'alpha', 'beta']"]
2025-01-31 14:18:06,796 INFO     ___FILE_ONLY___ Beginning update. This process may take several minutes.

2025-01-31 14:18:06,805 DEBUG    urllib3.connectionpool Starting new HTTPS connection (1): dl.google.com:443
2025-01-31 14:18:06,989 DEBUG    urllib3.connectionpool https://dl.google.com:443 "GET /dl/cloudsdk/channels/rapid/components-2.json HTTP/1.1" 200 227832
2025-01-31 14:18:07,003 WARNING  root            Component [compute] no longer exists.
2025-01-31 14:18:07,004 INFO     ___FILE_ONLY___ 

2025-01-31 14:18:07,005 INFO     ___FILE_ONLY___ 
Your current Google Cloud CLI version is: 508.0.0

2025-01-31 14:18:07,005 INFO     ___FILE_ONLY___ Installing components from version: 508.0.0

2025-01-31 14:18:07,005 INFO     ___FILE_ONLY___ 

2025-01-31 14:18:07,005 DEBUG    root            Chosen display Format:table[box,title="These components will be removed."](details.display_name:label=Name:align=left,version.version_string:label=Version:align=right,data.size.size(zero="",min=1048576):label=Size:align=right)
2025-01-31 14:18:07,006 DEBUG    root            Chosen display Format:table[box,title="These components will be updated."](details.display_name:label=Name:align=left,version.version_string:label=Version:align=right,data.size.size(zero="",min=1048576):label=Size:align=right)
2025-01-31 14:18:07,006 DEBUG    root            Chosen display Format:table[box,title="These components will be installed."](details.display_name:label=Name:align=left,version.version_string:label=Version:align=right,data.size.size(zero="",min=1048576):label=Size:align=right)
2025-01-31 14:18:07,020 INFO     ___FILE_ONLY___ ┌────────────────────────────────────────────────┐
2025-01-31 14:18:07,020 INFO     ___FILE_ONLY___ 

2025-01-31 14:18:07,020 INFO     ___FILE_ONLY___ │      These components will be installed.       │
2025-01-31 14:18:07,020 INFO     ___FILE_ONLY___ 

2025-01-31 14:18:07,021 INFO     ___FILE_ONLY___ ├─────────────────────────┬────────────┬─────────┤
2025-01-31 14:18:07,021 INFO     ___FILE_ONLY___ 

2025-01-31 14:18:07,021 INFO     ___FILE_ONLY___ │           Name          │  Version   │   Size  │
2025-01-31 14:18:07,021 INFO     ___FILE_ONLY___ 

2025-01-31 14:18:07,021 INFO     ___FILE_ONLY___ ├─────────────────────────┼────────────┼─────────┤
2025-01-31 14:18:07,021 INFO     ___FILE_ONLY___ 

2025-01-31 14:18:07,021 INFO     ___FILE_ONLY___ │ 
2025-01-31 14:18:07,021 INFO     ___FILE_ONLY___ gcloud Alpha Commands  
2025-01-31 14:18:07,021 INFO     ___FILE_ONLY___  
2025-01-31 14:18:07,021 INFO     ___FILE_ONLY___ │ 
2025-01-31 14:18:07,021 INFO     ___FILE_ONLY___ 2025.01.24
2025-01-31 14:18:07,021 INFO     ___FILE_ONLY___  
2025-01-31 14:18:07,021 INFO     ___FILE_ONLY___ │ 
2025-01-31 14:18:07,021 INFO     ___FILE_ONLY___ < 1 MiB
2025-01-31 14:18:07,021 INFO     ___FILE_ONLY___  
2025-01-31 14:18:07,021 INFO     ___FILE_ONLY___ │
2025-01-31 14:18:07,021 INFO     ___FILE_ONLY___ 

2025-01-31 14:18:07,021 INFO     ___FILE_ONLY___ │ 
2025-01-31 14:18:07,021 INFO     ___FILE_ONLY___ gcloud Beta Commands   
2025-01-31 14:18:07,021 INFO     ___FILE_ONLY___  
2025-01-31 14:18:07,021 INFO     ___FILE_ONLY___ │ 
2025-01-31 14:18:07,022 INFO     ___FILE_ONLY___ 2025.01.24
2025-01-31 14:18:07,022 INFO     ___FILE_ONLY___  
2025-01-31 14:18:07,022 INFO     ___FILE_ONLY___ │ 
2025-01-31 14:18:07,022 INFO     ___FILE_ONLY___ < 1 MiB
2025-01-31 14:18:07,022 INFO     ___FILE_ONLY___  
2025-01-31 14:18:07,022 INFO     ___FILE_ONLY___ │
2025-01-31 14:18:07,022 INFO     ___FILE_ONLY___ 

2025-01-31 14:18:07,022 INFO     ___FILE_ONLY___ │ 
2025-01-31 14:18:07,022 INFO     ___FILE_ONLY___ gcloud Preview Commands
2025-01-31 14:18:07,022 INFO     ___FILE_ONLY___  
2025-01-31 14:18:07,022 INFO     ___FILE_ONLY___ │ 
2025-01-31 14:18:07,022 INFO     ___FILE_ONLY___           
2025-01-31 14:18:07,022 INFO     ___FILE_ONLY___  
2025-01-31 14:18:07,022 INFO     ___FILE_ONLY___ │ 
2025-01-31 14:18:07,022 INFO     ___FILE_ONLY___ < 1 MiB
2025-01-31 14:18:07,022 INFO     ___FILE_ONLY___  
2025-01-31 14:18:07,022 INFO     ___FILE_ONLY___ │
2025-01-31 14:18:07,022 INFO     ___FILE_ONLY___ 

2025-01-31 14:18:07,022 INFO     ___FILE_ONLY___ └─────────────────────────┴────────────┴─────────┘
2025-01-31 14:18:07,022 INFO     ___FILE_ONLY___ 

2025-01-31 14:18:07,022 INFO     ___FILE_ONLY___ 

2025-01-31 14:18:07,026 DEBUG    urllib3.connectionpool Starting new HTTPS connection (1): dl.google.com:443
2025-01-31 14:18:07,181 DEBUG    urllib3.connectionpool https://dl.google.com:443 "GET /dl/cloudsdk/channels/rapid/RELEASE_NOTES HTTP/1.1" 200 1347594
2025-01-31 14:18:07,226 INFO     ___FILE_ONLY___ For the latest full release notes, please visit:
  https://cloud.google.com/sdk/release_notes


2025-01-31 14:18:07,226 INFO     ___FILE_ONLY___ Performing in place update...


2025-01-31 14:18:07,228 INFO     ___FILE_ONLY___ ╔════════════════════════════════════════════════════════════╗

2025-01-31 14:18:07,228 INFO     ___FILE_ONLY___ ╠═ Downloading: gcloud Alpha Commands                       ═╣

2025-01-31 14:18:07,229 INFO     ___FILE_ONLY___ ╚
2025-01-31 14:18:07,232 DEBUG    urllib3.connectionpool Starting new HTTPS connection (1): dl.google.com:443
2025-01-31 14:18:07,457 DEBUG    urllib3.connectionpool https://dl.google.com:443 "GET /dl/cloudsdk/channels/rapid/components/google-cloud-sdk-alpha-20250124173157.tar.gz HTTP/1.1" 200 800
2025-01-31 14:18:07,458 INFO     ___FILE_ONLY___ ════════════════════════════════════════════════════════════
2025-01-31 14:18:07,458 INFO     ___FILE_ONLY___ ╝

2025-01-31 14:18:07,460 INFO     ___FILE_ONLY___ ╔════════════════════════════════════════════════════════════╗

2025-01-31 14:18:07,460 INFO     ___FILE_ONLY___ ╠═ Downloading: gcloud Beta Commands                        ═╣

2025-01-31 14:18:07,460 INFO     ___FILE_ONLY___ ╚
2025-01-31 14:18:07,464 DEBUG    urllib3.connectionpool Starting new HTTPS connection (1): dl.google.com:443
2025-01-31 14:18:07,625 DEBUG    urllib3.connectionpool https://dl.google.com:443 "GET /dl/cloudsdk/channels/rapid/components/google-cloud-sdk-beta-20250124173157.tar.gz HTTP/1.1" 200 797
2025-01-31 14:18:07,626 INFO     ___FILE_ONLY___ ════════════════════════════════════════════════════════════
2025-01-31 14:18:07,626 INFO     ___FILE_ONLY___ ╝

2025-01-31 14:18:07,628 INFO     ___FILE_ONLY___ ╔════════════════════════════════════════════════════════════╗

2025-01-31 14:18:07,628 INFO     ___FILE_ONLY___ ╠═ Downloading: gcloud Preview Commands                     ═╣

2025-01-31 14:18:07,628 INFO     ___FILE_ONLY___ ╚
2025-01-31 14:18:07,632 DEBUG    urllib3.connectionpool Starting new HTTPS connection (1): dl.google.com:443
2025-01-31 14:18:07,881 DEBUG    urllib3.connectionpool https://dl.google.com:443 "GET /dl/cloudsdk/channels/rapid/components/google-cloud-sdk-preview-20241115154308.tar.gz HTTP/1.1" 200 823
2025-01-31 14:18:07,881 INFO     ___FILE_ONLY___ ════════════════════════════════════════════════════════════
2025-01-31 14:18:07,881 INFO     ___FILE_ONLY___ ╝

2025-01-31 14:18:07,883 INFO     ___FILE_ONLY___ ╔════════════════════════════════════════════════════════════╗

2025-01-31 14:18:07,883 INFO     ___FILE_ONLY___ ╠═ Installing: gcloud Alpha Commands                        ═╣

2025-01-31 14:18:07,884 INFO     ___FILE_ONLY___ ╚
2025-01-31 14:18:07,884 INFO     ___FILE_ONLY___ ════════════════════════════════════════════════════════════
2025-01-31 14:18:07,885 INFO     ___FILE_ONLY___ ╝

2025-01-31 14:18:07,893 INFO     ___FILE_ONLY___ ╔════════════════════════════════════════════════════════════╗

2025-01-31 14:18:07,893 INFO     ___FILE_ONLY___ ╠═ Installing: gcloud Beta Commands                         ═╣

2025-01-31 14:18:07,893 INFO     ___FILE_ONLY___ ╚
2025-01-31 14:18:07,894 INFO     ___FILE_ONLY___ ════════════════════════════════════════════════════════════
2025-01-31 14:18:07,894 INFO     ___FILE_ONLY___ ╝

2025-01-31 14:18:07,898 INFO     ___FILE_ONLY___ ╔════════════════════════════════════════════════════════════╗

2025-01-31 14:18:07,898 INFO     ___FILE_ONLY___ ╠═ Installing: gcloud Preview Commands                      ═╣

2025-01-31 14:18:07,898 INFO     ___FILE_ONLY___ ╚
2025-01-31 14:18:07,899 INFO     ___FILE_ONLY___ ════════════════════════════════════════════════════════════
2025-01-31 14:18:07,899 INFO     ___FILE_ONLY___ ╝

2025-01-31 14:18:07,904 DEBUG    root            Updating notification cache...
2025-01-31 14:18:07,904 INFO     ___FILE_ONLY___ 

2025-01-31 14:18:07,906 INFO     ___FILE_ONLY___ Performing post processing steps...
2025-01-31 14:18:07,907 DEBUG    root            Executing command: ['/tools/google-cloud-sdk/bin/gcloud', 'components', 'post-process']
2025-01-31 14:18:17,306 DEBUG    ___FILE_ONLY___ 
2025-01-31 14:18:17,306 DEBUG    ___FILE_ONLY___ 
2025-01-31 14:18:17,428 INFO     ___FILE_ONLY___ 
Update done!


2025-01-31 14:18:17,430 DEBUG    root            Chosen display Format:none
2025-01-31 14:18:17,431 INFO     root            Display format: "none"
